2016/05/15 21:44:31 Loaded logging configuration: { 0}
2016/05/15 21:44:31 Debug logging enabled!
2016-05-15T21:44:31.524 spoon INFO - Loading config from /Users/benmeier/projects/go_workspace/src/github.com/AstromechZA/spoon/spoon.example.json
2016-05-15T21:44:31.524 spoon.logging DEBU - Loaded logging configuration: {- 0}
2016-05-15T21:44:31.524 spoon.logging INFO - Debug logging enabled!
2016-05-15T21:44:31.525 spoon.agents INFO - Starting meta agent example.spoon_process with interval 30.00 seconds
2016-05-15T21:44:31.525 spoon.agents INFO - Delaying meta agent by 9.07 seconds in order to spread the agents out and reduce spikes
2016-05-15T21:44:31.525 spoon.agents INFO - Starting disk agent example.disk with interval 60.00 seconds
2016-05-15T21:44:31.525 spoon.agents INFO - Delaying disk agent by 28.22 seconds in order to spread the agents out and reduce spikes
2016-05-15T21:44:31.525 spoon.agents INFO - Starting cpu agent example.cpu with interval 60.00 seconds
2016-05-15T21:44:31.525 spoon.agents INFO - Delaying cpu agent by 19.94 seconds in order to spread the agents out and reduce spikes
2016-05-15T21:44:31.525 spoon.agents INFO - Starting uptime agent example.uptime with interval 60.00 seconds
2016-05-15T21:44:31.525 spoon.agents INFO - Delaying uptime agent by 13.13 seconds in order to spread the agents out and reduce spikes
2016-05-15T21:44:31.525 spoon.agents INFO - Starting time agent example.time with interval 10.00 seconds
2016-05-15T21:44:31.525 spoon.agents INFO - Delaying time agent by 2.12 seconds in order to spread the agents out and reduce spikes
2016-05-15T21:44:31.525 spoon.agents INFO - Starting mem agent example.mem with interval 60.00 seconds
2016-05-15T21:44:31.525 spoon.agents INFO - Delaying mem agent by 20.60 seconds in order to spread the agents out and reduce spikes
2016-05-15T21:44:31.525 spoon.agents INFO - Starting net agent example.net with interval 60.00 seconds
2016-05-15T21:44:31.525 spoon.agents INFO - Delaying net agent by 1.97 seconds in order to spread the agents out and reduce spikes
2016-05-15T21:44:31.525 spoon.agents INFO - Starting cmd agent example.cmd with interval 30.00 seconds
2016-05-15T21:44:31.525 spoon.agents INFO - Delaying cmd agent by 2.35 seconds in order to spread the agents out and reduce spikes
2016-05-15T21:44:32.533 spoon.agents DEBU - Skipping lo0 because it didn't match nic_regex
2016-05-15T21:44:32.533 spoon.agents DEBU - Skipping gif0* because it didn't match nic_regex
2016-05-15T21:44:32.533 spoon.agents DEBU - Skipping stf0* because it didn't match nic_regex
2016-05-15T21:44:32.533 spoon.agents DEBU - Skipping p2p0 because it didn't match nic_regex
2016-05-15T21:44:32.533 spoon.agents DEBU - Skipping awdl0 because it didn't match nic_regex
2016-05-15T21:44:32.533 spoon.agents DEBU - Skipping bridg because it didn't match nic_regex
2016-05-15T21:44:32.533 spoon.agents DEBU - Skipping vboxn because it didn't match nic_regex
2016-05-15T21:44:32.533 spoon.sink INFO - LoggingSink received batch of 12 metrics:
Value for 'example.net.en0.bytes_sent' = 2.670501973e+09
Value for 'example.net.en0.bytes_recv' = 3.077756664e+10
Value for 'example.net.en0.packets_sent' = 1.1969183e+07
Value for 'example.net.en0.packets_recv' = 2.3805144e+07
Value for 'example.net.en1.bytes_sent' = 0
Value for 'example.net.en1.bytes_recv' = 0
Value for 'example.net.en1.packets_sent' = 0
Value for 'example.net.en1.packets_recv' = 0
Value for 'example.net.en2.bytes_sent' = 0
Value for 'example.net.en2.bytes_recv' = 0
Value for 'example.net.en2.packets_sent' = 0
Value for 'example.net.en2.packets_recv' = 0
2016-05-15T21:44:32.533 spoon.agents INFO - Tick for agent net@example.net returned after 6.820725ms
2016-05-15T21:44:33.531 spoon.sink INFO - LoggingSink received batch of 1 metrics:
Value for 'example.time' = 1.4633414735309699e+18
2016-05-15T21:44:33.531 spoon.agents INFO - Tick for agent time@example.time returned after 150.189µs
2016-05-15T21:44:33.702 spoon.sink INFO - LoggingSink received batch of 1 metrics:
Value for 'example.cmd.test.path' = 22
2016-05-15T21:44:33.702 spoon.agents INFO - Tick for agent cmd@example.cmd returned after 171.128764ms
2016-05-15T21:44:40.540 spoon.sink INFO - LoggingSink received batch of 1 metrics:
Value for 'example.spoon_process.rss' = 4.235264e+06
2016-05-15T21:44:40.540 spoon.agents INFO - Tick for agent meta@example.spoon_process returned after 10.153052ms
2016-05-15T21:44:43.535 spoon.sink INFO - LoggingSink received batch of 1 metrics:
Value for 'example.time' = 1.463341483535365e+18
2016-05-15T21:44:43.535 spoon.agents INFO - Tick for agent time@example.time returned after 86.844µs
2016-05-15T21:44:44.537 spoon.sink INFO - LoggingSink received batch of 1 metrics:
Value for 'example.uptime' = 1.576352e+06
2016-05-15T21:44:44.537 spoon.agents INFO - Tick for agent uptime@example.uptime returned after 6.128304ms
2016-05-15T21:44:50.531 spoon.agents INFO - Tick for agent cpu@example.cpu returned after 194.9µs
2016-05-15T21:44:51.536 spoon.sink INFO - LoggingSink received batch of 8 metrics:
Value for 'example.mem.total' = 1.7179869184e+10
Value for 'example.mem.used' = 8.826368e+09
Value for 'example.mem.used_percent' = 51.37622356414795
Value for 'example.mem.available' = 8.353501184e+09
Value for 'example.mem.swap.total' = 2.048e+06
Value for 'example.mem.swap.used' = 831500
Value for 'example.mem.swap.used_percent' = 40.6005859375
Value for 'example.mem.swap.free' = 1.2165e+06
2016-05-15T21:44:51.536 spoon.agents INFO - Tick for agent mem@example.mem returned after 5.499599ms
2016-05-15T21:44:53.532 spoon.sink INFO - LoggingSink received batch of 1 metrics:
Value for 'example.time' = 1.4633414935325512e+18
2016-05-15T21:44:53.532 spoon.agents INFO - Tick for agent time@example.time returned after 80.201µs
2016-05-15T21:44:59.528 spoon.agents DEBU - Skipping usage for /dev/disk4s1 because it didn't match device_regex
2016-05-15T21:44:59.528 spoon.agents ERRO - Fetching iocounters for system failed: not implemented yet
2016-05-15T21:44:59.528 spoon.sink INFO - LoggingSink received batch of 7 metrics:
Value for 'example.disk.dev_disk1.total' = 4.9908248576e+11
Value for 'example.disk.dev_disk1.free' = 3.3652713472e+11
Value for 'example.disk.dev_disk1.used' = 1.6229320704e+11
Value for 'example.disk.dev_disk1.used_percent' = 32.51831343928265
Value for 'example.disk.dev_disk1.inode_free' = 8.2159945e+07
Value for 'example.disk.dev_disk1.inode_used' = 3.9686363e+07
Value for 'example.disk.dev_disk1.inode_used_percent' = 32.57083751770304
2016-05-15T21:44:59.528 spoon.agents INFO - Tick for agent disk@example.disk returned after 299.152µs
2016-05-15T21:45:03.536 spoon.sink INFO - LoggingSink received batch of 1 metrics:
Value for 'example.time' = 1.4633415035362432e+18
2016-05-15T21:45:03.536 spoon.agents INFO - Tick for agent time@example.time returned after 314.623µs
2016-05-15T21:45:03.702 spoon.sink INFO - LoggingSink received batch of 1 metrics:
Value for 'example.cmd.test.path' = -62
2016-05-15T21:45:03.702 spoon.agents INFO - Tick for agent cmd@example.cmd returned after 166.266674ms
2016-05-15T21:45:10.540 spoon.sink INFO - LoggingSink received batch of 2 metrics:
Value for 'example.spoon_process.cpu_percent' = 0.06666654291356305
Value for 'example.spoon_process.rss' = 4.52608e+06
2016-05-15T21:45:10.540 spoon.agents INFO - Tick for agent meta@example.spoon_process returned after 9.611006ms
2016-05-15T21:45:13.531 spoon.sink INFO - LoggingSink received batch of 1 metrics:
Value for 'example.time' = 1.463341513531938e+18
2016-05-15T21:45:13.531 spoon.agents INFO - Tick for agent time@example.time returned after 50.638µs
2016-05-15T21:45:23.536 spoon.sink INFO - LoggingSink received batch of 1 metrics:
Value for 'example.time' = 1.4633415235359895e+18
2016-05-15T21:45:23.536 spoon.agents INFO - Tick for agent time@example.time returned after 197.18µs
2016-05-15T21:45:32.536 spoon.agents DEBU - Skipping lo0 because it didn't match nic_regex
2016-05-15T21:45:32.536 spoon.agents DEBU - Skipping gif0* because it didn't match nic_regex
2016-05-15T21:45:32.536 spoon.agents DEBU - Skipping stf0* because it didn't match nic_regex
2016-05-15T21:45:32.536 spoon.agents DEBU - Skipping p2p0 because it didn't match nic_regex
2016-05-15T21:45:32.536 spoon.agents DEBU - Skipping awdl0 because it didn't match nic_regex
2016-05-15T21:45:32.537 spoon.agents DEBU - Skipping bridg because it didn't match nic_regex
2016-05-15T21:45:32.537 spoon.agents DEBU - Skipping vboxn because it didn't match nic_regex
2016-05-15T21:45:32.537 spoon.sink INFO - LoggingSink received batch of 12 metrics:
Value for 'example.net.en0.bytes_sent' = 2.670977332e+09
Value for 'example.net.en0.bytes_recv' = 3.0785784249e+10
Value for 'example.net.en0.packets_sent' = 1.1973581e+07
Value for 'example.net.en0.packets_recv' = 2.3811582e+07
Value for 'example.net.en1.bytes_sent' = 0
Value for 'example.net.en1.bytes_recv' = 0
Value for 'example.net.en1.packets_sent' = 0
Value for 'example.net.en1.packets_recv' = 0
Value for 'example.net.en2.bytes_sent' = 0
Value for 'example.net.en2.bytes_recv' = 0
Value for 'example.net.en2.packets_sent' = 0
Value for 'example.net.en2.packets_recv' = 0
2016-05-15T21:45:32.537 spoon.agents INFO - Tick for agent net@example.net returned after 7.060793ms
2016-05-15T21:45:33.535 spoon.sink INFO - LoggingSink received batch of 1 metrics:
Value for 'example.time' = 1.4633415335358646e+18
2016-05-15T21:45:33.535 spoon.agents INFO - Tick for agent time@example.time returned after 101.969µs
2016-05-15T21:45:33.722 spoon.sink INFO - LoggingSink received batch of 1 metrics:
Value for 'example.cmd.test.path' = -46
2016-05-15T21:45:33.722 spoon.agents INFO - Tick for agent cmd@example.cmd returned after 186.704459ms
2016-05-15T21:45:40.543 spoon.sink INFO - LoggingSink received batch of 2 metrics:
Value for 'example.spoon_process.cpu_percent' = 0.033329439043906756
Value for 'example.spoon_process.rss' = 4.68992e+06
2016-05-15T21:45:40.543 spoon.agents INFO - Tick for agent meta@example.spoon_process returned after 9.414388ms
2016-05-15T21:45:43.533 spoon.sink INFO - LoggingSink received batch of 1 metrics:
Value for 'example.time' = 1.4633415435337495e+18
2016-05-15T21:45:43.533 spoon.agents INFO - Tick for agent time@example.time returned after 123.263µs
2016-05-15T21:45:44.539 spoon.sink INFO - LoggingSink received batch of 1 metrics:
Value for 'example.uptime' = 1.576412e+06
2016-05-15T21:45:44.539 spoon.agents INFO - Tick for agent uptime@example.uptime returned after 6.139393ms
2016-05-15T21:45:50.535 spoon.sink INFO - LoggingSink received batch of 4 metrics:
Value for 'example.cpu.0.cpu_percent' = 35.96666666666667
Value for 'example.cpu.1.cpu_percent' = 13.016666666666667
Value for 'example.cpu.2.cpu_percent' = 33.577737043826026
Value for 'example.cpu.3.cpu_percent' = 13.716666666666665
2016-05-15T21:45:50.535 spoon.agents INFO - Tick for agent cpu@example.cpu returned after 207.436µs
2016-05-15T21:45:51.535 spoon.sink INFO - LoggingSink received batch of 8 metrics:
Value for 'example.mem.total' = 1.7179869184e+10
Value for 'example.mem.used' = 8.82315264e+09
Value for 'example.mem.used_percent' = 51.35750770568848
Value for 'example.mem.available' = 8.356716544e+09
Value for 'example.mem.swap.total' = 2.048e+06
Value for 'example.mem.swap.used' = 831500
Value for 'example.mem.swap.used_percent' = 40.6005859375
Value for 'example.mem.swap.free' = 1.2165e+06
2016-05-15T21:45:51.535 spoon.agents INFO - Tick for agent mem@example.mem returned after 4.30843ms
2016-05-15T21:45:53.536 spoon.sink INFO - LoggingSink received batch of 1 metrics:
Value for 'example.time' = 1.4633415535360425e+18
2016-05-15T21:45:53.536 spoon.agents INFO - Tick for agent time@example.time returned after 91.522µs
2016-05-15T21:45:59.533 spoon.agents DEBU - Skipping usage for /dev/disk4s1 because it didn't match device_regex
2016-05-15T21:45:59.533 spoon.agents ERRO - Fetching iocounters for system failed: not implemented yet
2016-05-15T21:45:59.533 spoon.sink INFO - LoggingSink received batch of 7 metrics:
Value for 'example.disk.dev_disk1.total' = 4.9908248576e+11
Value for 'example.disk.dev_disk1.free' = 3.36534560768e+11
Value for 'example.disk.dev_disk1.used' = 1.62285780992e+11
Value for 'example.disk.dev_disk1.used_percent' = 32.516825499270354
Value for 'example.disk.dev_disk1.inode_free' = 8.2161758e+07
Value for 'example.disk.dev_disk1.inode_used' = 3.968455e+07
Value for 'example.disk.dev_disk1.inode_used_percent' = 32.569349577666316
2016-05-15T21:45:59.533 spoon.agents INFO - Tick for agent disk@example.disk returned after 591.027µs
2016-05-15T21:46:03.533 spoon.sink INFO - LoggingSink received batch of 1 metrics:
Value for 'example.time' = 1.463341563533917e+18
2016-05-15T21:46:03.534 spoon.agents INFO - Tick for agent time@example.time returned after 119.083µs
2016-05-15T21:46:03.721 spoon.sink INFO - LoggingSink received batch of 1 metrics:
Value for 'example.cmd.test.path' = -61
2016-05-15T21:46:03.721 spoon.agents INFO - Tick for agent cmd@example.cmd returned after 187.804781ms
2016-05-15T21:46:10.544 spoon.sink INFO - LoggingSink received batch of 2 metrics:
Value for 'example.spoon_process.cpu_percent' = 0.06666518569067782
Value for 'example.spoon_process.rss' = 4.882432e+06
2016-05-15T21:46:10.544 spoon.agents INFO - Tick for agent meta@example.spoon_process returned after 9.573812ms
2016-05-15T21:46:13.534 spoon.sink INFO - LoggingSink received batch of 1 metrics:
Value for 'example.time' = 1.4633415735342162e+18
2016-05-15T21:46:13.534 spoon.agents INFO - Tick for agent time@example.time returned after 147.793µs
2016-05-15T21:46:23.531 spoon.sink INFO - LoggingSink received batch of 1 metrics:
Value for 'example.time' = 1.4633415835316943e+18
2016-05-15T21:46:23.531 spoon.agents INFO - Tick for agent time@example.time returned after 59.982µs
2016-05-15T21:46:32.540 spoon.agents DEBU - Skipping lo0 because it didn't match nic_regex
2016-05-15T21:46:32.540 spoon.agents DEBU - Skipping gif0* because it didn't match nic_regex
2016-05-15T21:46:32.540 spoon.agents DEBU - Skipping stf0* because it didn't match nic_regex
2016-05-15T21:46:32.541 spoon.agents DEBU - Skipping p2p0 because it didn't match nic_regex
2016-05-15T21:46:32.541 spoon.agents DEBU - Skipping awdl0 because it didn't match nic_regex
2016-05-15T21:46:32.541 spoon.agents DEBU - Skipping bridg because it didn't match nic_regex
2016-05-15T21:46:32.541 spoon.agents DEBU - Skipping vboxn because it didn't match nic_regex
2016-05-15T21:46:32.541 spoon.sink INFO - LoggingSink received batch of 12 metrics:
Value for 'example.net.en0.bytes_sent' = 2.671186551e+09
Value for 'example.net.en0.bytes_recv' = 3.0798795798e+10
Value for 'example.net.en0.packets_sent' = 1.1976108e+07
Value for 'example.net.en0.packets_recv' = 2.3820624e+07
Value for 'example.net.en1.bytes_sent' = 0
Value for 'example.net.en1.bytes_recv' = 0
Value for 'example.net.en1.packets_sent' = 0
Value for 'example.net.en1.packets_recv' = 0
Value for 'example.net.en2.bytes_sent' = 0
Value for 'example.net.en2.bytes_recv' = 0
Value for 'example.net.en2.packets_sent' = 0
Value for 'example.net.en2.packets_recv' = 0
2016-05-15T21:46:32.541 spoon.agents INFO - Tick for agent net@example.net returned after 9.013778ms
2016-05-15T21:46:33.535 spoon.sink INFO - LoggingSink received batch of 1 metrics:
Value for 'example.time' = 1.463341593535186e+18
2016-05-15T21:46:33.535 spoon.agents INFO - Tick for agent time@example.time returned after 361.099µs
2016-05-15T21:46:33.729 spoon.sink INFO - LoggingSink received batch of 1 metrics:
Value for 'example.cmd.test.path' = 69
2016-05-15T21:46:33.729 spoon.agents INFO - Tick for agent cmd@example.cmd returned after 194.045798ms
^C2016-05-15T21:46:35.252 spoon INFO - Received interrupt signal. Stopping.
